<?xml version="1.0" encoding="UTF-8"?>
<testsuite xmlns:xsi="http://www.w3.org/2001/XMLSchema-instance" xsi:noNamespaceSchemaLocation="https://maven.apache.org/surefire/maven-surefire-plugin/xsd/surefire-test-report.xsd" name="org.example.TwoOutletsTest" time="0.005" tests="1" errors="0" skipped="0" failures="0">
  <properties>
    <property name="sun.desktop" value="windows"/>
    <property name="awt.toolkit" value="sun.awt.windows.WToolkit"/>
    <property name="java.specification.version" value="12"/>
    <property name="sun.cpu.isalist" value="amd64"/>
    <property name="sun.jnu.encoding" value="Cp1252"/>
    <property name="java.class.path" value="D:\Java\lld\BeverageMachine\target\test-classes;D:\Java\lld\BeverageMachine\target\classes;C:\Users\z003yjtk\.m2\repository\org\apache\camel\camel-core\3.10.0\camel-core-3.10.0.jar;C:\Users\z003yjtk\.m2\repository\org\apache\camel\camel-core-engine\3.10.0\camel-core-engine-3.10.0.jar;C:\Users\z003yjtk\.m2\repository\org\apache\camel\camel-api\3.10.0\camel-api-3.10.0.jar;C:\Users\z003yjtk\.m2\repository\org\apache\camel\camel-base-engine\3.10.0\camel-base-engine-3.10.0.jar;C:\Users\z003yjtk\.m2\repository\org\apache\camel\camel-core-reifier\3.10.0\camel-core-reifier-3.10.0.jar;C:\Users\z003yjtk\.m2\repository\org\apache\camel\camel-core-processor\3.10.0\camel-core-processor-3.10.0.jar;C:\Users\z003yjtk\.m2\repository\org\apache\camel\camel-management-api\3.10.0\camel-management-api-3.10.0.jar;C:\Users\z003yjtk\.m2\repository\org\apache\camel\camel-support\3.10.0\camel-support-3.10.0.jar;C:\Users\z003yjtk\.m2\repository\org\apache\camel\camel-util\3.10.0\camel-util-3.10.0.jar;C:\Users\z003yjtk\.m2\repository\org\apache\camel\camel-core-languages\3.10.0\camel-core-languages-3.10.0.jar;C:\Users\z003yjtk\.m2\repository\org\apache\camel\camel-bean\3.10.0\camel-bean-3.10.0.jar;C:\Users\z003yjtk\.m2\repository\org\apache\camel\camel-browse\3.10.0\camel-browse-3.10.0.jar;C:\Users\z003yjtk\.m2\repository\org\apache\camel\camel-cluster\3.10.0\camel-cluster-3.10.0.jar;C:\Users\z003yjtk\.m2\repository\org\apache\camel\camel-core-model\3.10.0\camel-core-model-3.10.0.jar;C:\Users\z003yjtk\.m2\repository\org\apache\camel\camel-controlbus\3.10.0\camel-controlbus-3.10.0.jar;C:\Users\z003yjtk\.m2\repository\org\apache\camel\camel-dataformat\3.10.0\camel-dataformat-3.10.0.jar;C:\Users\z003yjtk\.m2\repository\org\apache\camel\camel-dataset\3.10.0\camel-dataset-3.10.0.jar;C:\Users\z003yjtk\.m2\repository\org\apache\camel\camel-direct\3.10.0\camel-direct-3.10.0.jar;C:\Users\z003yjtk\.m2\repository\org\apache\camel\camel-directvm\3.10.0\camel-directvm-3.10.0.jar;C:\Users\z003yjtk\.m2\repository\org\apache\camel\camel-file\3.10.0\camel-file-3.10.0.jar;C:\Users\z003yjtk\.m2\repository\org\apache\camel\camel-health\3.10.0\camel-health-3.10.0.jar;C:\Users\z003yjtk\.m2\repository\org\apache\camel\camel-language\3.10.0\camel-language-3.10.0.jar;C:\Users\z003yjtk\.m2\repository\org\apache\camel\camel-log\3.10.0\camel-log-3.10.0.jar;C:\Users\z003yjtk\.m2\repository\org\apache\camel\camel-mock\3.10.0\camel-mock-3.10.0.jar;C:\Users\z003yjtk\.m2\repository\org\apache\camel\camel-ref\3.10.0\camel-ref-3.10.0.jar;C:\Users\z003yjtk\.m2\repository\org\apache\camel\camel-rest\3.10.0\camel-rest-3.10.0.jar;C:\Users\z003yjtk\.m2\repository\org\apache\camel\camel-tooling-model\3.10.0\camel-tooling-model-3.10.0.jar;C:\Users\z003yjtk\.m2\repository\org\apache\camel\camel-util-json\3.10.0\camel-util-json-3.10.0.jar;C:\Users\z003yjtk\.m2\repository\org\apache\camel\camel-saga\3.10.0\camel-saga-3.10.0.jar;C:\Users\z003yjtk\.m2\repository\org\apache\camel\camel-scheduler\3.10.0\camel-scheduler-3.10.0.jar;C:\Users\z003yjtk\.m2\repository\org\apache\camel\camel-seda\3.10.0\camel-seda-3.10.0.jar;C:\Users\z003yjtk\.m2\repository\org\apache\camel\camel-stub\3.10.0\camel-stub-3.10.0.jar;C:\Users\z003yjtk\.m2\repository\org\apache\camel\camel-timer\3.10.0\camel-timer-3.10.0.jar;C:\Users\z003yjtk\.m2\repository\org\apache\camel\camel-validator\3.10.0\camel-validator-3.10.0.jar;C:\Users\z003yjtk\.m2\repository\org\apache\camel\camel-vm\3.10.0\camel-vm-3.10.0.jar;C:\Users\z003yjtk\.m2\repository\org\apache\camel\camel-xpath\3.10.0\camel-xpath-3.10.0.jar;C:\Users\z003yjtk\.m2\repository\org\apache\camel\camel-xslt\3.10.0\camel-xslt-3.10.0.jar;C:\Users\z003yjtk\.m2\repository\org\apache\camel\camel-xml-jaxb\3.10.0\camel-xml-jaxb-3.10.0.jar;C:\Users\z003yjtk\.m2\repository\jakarta\xml\bind\jakarta.xml.bind-api\2.3.3\jakarta.xml.bind-api-2.3.3.jar;C:\Users\z003yjtk\.m2\repository\jakarta\activation\jakarta.activation-api\1.2.2\jakarta.activation-api-1.2.2.jar;C:\Users\z003yjtk\.m2\repository\com\sun\xml\bind\jaxb-core\2.3.0\jaxb-core-2.3.0.jar;C:\Users\z003yjtk\.m2\repository\com\sun\xml\bind\jaxb-impl\2.3.3\jaxb-impl-2.3.3.jar;C:\Users\z003yjtk\.m2\repository\com\sun\activation\jakarta.activation\1.2.2\jakarta.activation-1.2.2.jar;C:\Users\z003yjtk\.m2\repository\org\apache\camel\camel-xml-jaxp\3.10.0\camel-xml-jaxp-3.10.0.jar;C:\Users\z003yjtk\.m2\repository\org\apache\camel\camel-xml-io-util\3.10.0\camel-xml-io-util-3.10.0.jar;C:\Users\z003yjtk\.m2\repository\org\slf4j\slf4j-api\1.7.30\slf4j-api-1.7.30.jar;C:\Users\z003yjtk\.m2\repository\org\apache\camel\camel-spring-xml\3.10.0\camel-spring-xml-3.10.0.jar;C:\Users\z003yjtk\.m2\repository\org\apache\camel\camel-spring\3.10.0\camel-spring-3.10.0.jar;C:\Users\z003yjtk\.m2\repository\org\springframework\spring-core\5.3.6\spring-core-5.3.6.jar;C:\Users\z003yjtk\.m2\repository\org\springframework\spring-jcl\5.3.6\spring-jcl-5.3.6.jar;C:\Users\z003yjtk\.m2\repository\org\springframework\spring-aop\5.3.6\spring-aop-5.3.6.jar;C:\Users\z003yjtk\.m2\repository\org\springframework\spring-context\5.3.6\spring-context-5.3.6.jar;C:\Users\z003yjtk\.m2\repository\org\springframework\spring-beans\5.3.6\spring-beans-5.3.6.jar;C:\Users\z003yjtk\.m2\repository\org\springframework\spring-expression\5.3.6\spring-expression-5.3.6.jar;C:\Users\z003yjtk\.m2\repository\org\springframework\spring-tx\5.3.6\spring-tx-5.3.6.jar;C:\Users\z003yjtk\.m2\repository\org\apache\camel\camel-core-xml\3.10.0\camel-core-xml-3.10.0.jar;C:\Users\z003yjtk\.m2\repository\org\apache\camel\camel-spring-main\3.10.0\camel-spring-main-3.10.0.jar;C:\Users\z003yjtk\.m2\repository\org\apache\camel\camel-main\3.10.0\camel-main-3.10.0.jar;C:\Users\z003yjtk\.m2\repository\org\apache\camel\camel-base\3.10.0\camel-base-3.10.0.jar;C:\Users\z003yjtk\.m2\repository\org\junit\jupiter\junit-jupiter-api\5.4.2\junit-jupiter-api-5.4.2.jar;C:\Users\z003yjtk\.m2\repository\org\apiguardian\apiguardian-api\1.0.0\apiguardian-api-1.0.0.jar;C:\Users\z003yjtk\.m2\repository\org\opentest4j\opentest4j\1.1.1\opentest4j-1.1.1.jar;C:\Users\z003yjtk\.m2\repository\org\junit\platform\junit-platform-commons\1.4.2\junit-platform-commons-1.4.2.jar;C:\Users\z003yjtk\.m2\repository\org\junit\jupiter\junit-jupiter-engine\5.4.2\junit-jupiter-engine-5.4.2.jar;C:\Users\z003yjtk\.m2\repository\org\junit\platform\junit-platform-engine\1.4.2\junit-platform-engine-1.4.2.jar;C:\Users\z003yjtk\.m2\repository\org\apache\logging\log4j\log4j-slf4j-impl\2.13.3\log4j-slf4j-impl-2.13.3.jar;C:\Users\z003yjtk\.m2\repository\org\apache\logging\log4j\log4j-api\2.13.3\log4j-api-2.13.3.jar;C:\Users\z003yjtk\.m2\repository\org\apache\logging\log4j\log4j-core\2.13.3\log4j-core-2.13.3.jar;C:\Users\z003yjtk\.m2\repository\org\apache\camel\camel-test-spring\3.10.0\camel-test-spring-3.10.0.jar;C:\Users\z003yjtk\.m2\repository\org\apache\camel\camel-test\3.10.0\camel-test-3.10.0.jar;C:\Users\z003yjtk\.m2\repository\junit\junit\4.13.1\junit-4.13.1.jar;C:\Users\z003yjtk\.m2\repository\org\hamcrest\hamcrest-core\1.3\hamcrest-core-1.3.jar;C:\Users\z003yjtk\.m2\repository\org\assertj\assertj-core\3.19.0\assertj-core-3.19.0.jar;C:\Users\z003yjtk\.m2\repository\org\springframework\spring-test\5.3.6\spring-test-5.3.6.jar;C:\Users\z003yjtk\.m2\repository\org\junit\jupiter\junit-jupiter\5.4.2\junit-jupiter-5.4.2.jar;C:\Users\z003yjtk\.m2\repository\org\junit\jupiter\junit-jupiter-params\5.4.2\junit-jupiter-params-5.4.2.jar;"/>
    <property name="java.vm.vendor" value="Oracle Corporation"/>
    <property name="sun.arch.data.model" value="64"/>
    <property name="user.variant" value=""/>
    <property name="java.vendor.url" value="https://java.oracle.com/"/>
    <property name="user.timezone" value="Asia/Calcutta"/>
    <property name="os.name" value="Windows 10"/>
    <property name="java.vm.specification.version" value="12"/>
    <property name="sun.java.launcher" value="SUN_STANDARD"/>
    <property name="user.country" value="US"/>
    <property name="sun.boot.library.path" value="C:\Program Files\Java\jdk-12.0.1\bin"/>
    <property name="sun.java.command" value="C:\Users\z003yjtk\AppData\Local\Temp\surefire16016231723083263446\surefirebooter4537420298994226669.jar C:\Users\z003yjtk\AppData\Local\Temp\surefire16016231723083263446 2021-06-06T14-41-43_481-jvmRun1 surefire17260687782982696153tmp surefire_09011678992900019793tmp"/>
    <property name="jdk.debug" value="release"/>
    <property name="surefire.test.class.path" value="D:\Java\lld\BeverageMachine\target\test-classes;D:\Java\lld\BeverageMachine\target\classes;C:\Users\z003yjtk\.m2\repository\org\apache\camel\camel-core\3.10.0\camel-core-3.10.0.jar;C:\Users\z003yjtk\.m2\repository\org\apache\camel\camel-core-engine\3.10.0\camel-core-engine-3.10.0.jar;C:\Users\z003yjtk\.m2\repository\org\apache\camel\camel-api\3.10.0\camel-api-3.10.0.jar;C:\Users\z003yjtk\.m2\repository\org\apache\camel\camel-base-engine\3.10.0\camel-base-engine-3.10.0.jar;C:\Users\z003yjtk\.m2\repository\org\apache\camel\camel-core-reifier\3.10.0\camel-core-reifier-3.10.0.jar;C:\Users\z003yjtk\.m2\repository\org\apache\camel\camel-core-processor\3.10.0\camel-core-processor-3.10.0.jar;C:\Users\z003yjtk\.m2\repository\org\apache\camel\camel-management-api\3.10.0\camel-management-api-3.10.0.jar;C:\Users\z003yjtk\.m2\repository\org\apache\camel\camel-support\3.10.0\camel-support-3.10.0.jar;C:\Users\z003yjtk\.m2\repository\org\apache\camel\camel-util\3.10.0\camel-util-3.10.0.jar;C:\Users\z003yjtk\.m2\repository\org\apache\camel\camel-core-languages\3.10.0\camel-core-languages-3.10.0.jar;C:\Users\z003yjtk\.m2\repository\org\apache\camel\camel-bean\3.10.0\camel-bean-3.10.0.jar;C:\Users\z003yjtk\.m2\repository\org\apache\camel\camel-browse\3.10.0\camel-browse-3.10.0.jar;C:\Users\z003yjtk\.m2\repository\org\apache\camel\camel-cluster\3.10.0\camel-cluster-3.10.0.jar;C:\Users\z003yjtk\.m2\repository\org\apache\camel\camel-core-model\3.10.0\camel-core-model-3.10.0.jar;C:\Users\z003yjtk\.m2\repository\org\apache\camel\camel-controlbus\3.10.0\camel-controlbus-3.10.0.jar;C:\Users\z003yjtk\.m2\repository\org\apache\camel\camel-dataformat\3.10.0\camel-dataformat-3.10.0.jar;C:\Users\z003yjtk\.m2\repository\org\apache\camel\camel-dataset\3.10.0\camel-dataset-3.10.0.jar;C:\Users\z003yjtk\.m2\repository\org\apache\camel\camel-direct\3.10.0\camel-direct-3.10.0.jar;C:\Users\z003yjtk\.m2\repository\org\apache\camel\camel-directvm\3.10.0\camel-directvm-3.10.0.jar;C:\Users\z003yjtk\.m2\repository\org\apache\camel\camel-file\3.10.0\camel-file-3.10.0.jar;C:\Users\z003yjtk\.m2\repository\org\apache\camel\camel-health\3.10.0\camel-health-3.10.0.jar;C:\Users\z003yjtk\.m2\repository\org\apache\camel\camel-language\3.10.0\camel-language-3.10.0.jar;C:\Users\z003yjtk\.m2\repository\org\apache\camel\camel-log\3.10.0\camel-log-3.10.0.jar;C:\Users\z003yjtk\.m2\repository\org\apache\camel\camel-mock\3.10.0\camel-mock-3.10.0.jar;C:\Users\z003yjtk\.m2\repository\org\apache\camel\camel-ref\3.10.0\camel-ref-3.10.0.jar;C:\Users\z003yjtk\.m2\repository\org\apache\camel\camel-rest\3.10.0\camel-rest-3.10.0.jar;C:\Users\z003yjtk\.m2\repository\org\apache\camel\camel-tooling-model\3.10.0\camel-tooling-model-3.10.0.jar;C:\Users\z003yjtk\.m2\repository\org\apache\camel\camel-util-json\3.10.0\camel-util-json-3.10.0.jar;C:\Users\z003yjtk\.m2\repository\org\apache\camel\camel-saga\3.10.0\camel-saga-3.10.0.jar;C:\Users\z003yjtk\.m2\repository\org\apache\camel\camel-scheduler\3.10.0\camel-scheduler-3.10.0.jar;C:\Users\z003yjtk\.m2\repository\org\apache\camel\camel-seda\3.10.0\camel-seda-3.10.0.jar;C:\Users\z003yjtk\.m2\repository\org\apache\camel\camel-stub\3.10.0\camel-stub-3.10.0.jar;C:\Users\z003yjtk\.m2\repository\org\apache\camel\camel-timer\3.10.0\camel-timer-3.10.0.jar;C:\Users\z003yjtk\.m2\repository\org\apache\camel\camel-validator\3.10.0\camel-validator-3.10.0.jar;C:\Users\z003yjtk\.m2\repository\org\apache\camel\camel-vm\3.10.0\camel-vm-3.10.0.jar;C:\Users\z003yjtk\.m2\repository\org\apache\camel\camel-xpath\3.10.0\camel-xpath-3.10.0.jar;C:\Users\z003yjtk\.m2\repository\org\apache\camel\camel-xslt\3.10.0\camel-xslt-3.10.0.jar;C:\Users\z003yjtk\.m2\repository\org\apache\camel\camel-xml-jaxb\3.10.0\camel-xml-jaxb-3.10.0.jar;C:\Users\z003yjtk\.m2\repository\jakarta\xml\bind\jakarta.xml.bind-api\2.3.3\jakarta.xml.bind-api-2.3.3.jar;C:\Users\z003yjtk\.m2\repository\jakarta\activation\jakarta.activation-api\1.2.2\jakarta.activation-api-1.2.2.jar;C:\Users\z003yjtk\.m2\repository\com\sun\xml\bind\jaxb-core\2.3.0\jaxb-core-2.3.0.jar;C:\Users\z003yjtk\.m2\repository\com\sun\xml\bind\jaxb-impl\2.3.3\jaxb-impl-2.3.3.jar;C:\Users\z003yjtk\.m2\repository\com\sun\activation\jakarta.activation\1.2.2\jakarta.activation-1.2.2.jar;C:\Users\z003yjtk\.m2\repository\org\apache\camel\camel-xml-jaxp\3.10.0\camel-xml-jaxp-3.10.0.jar;C:\Users\z003yjtk\.m2\repository\org\apache\camel\camel-xml-io-util\3.10.0\camel-xml-io-util-3.10.0.jar;C:\Users\z003yjtk\.m2\repository\org\slf4j\slf4j-api\1.7.30\slf4j-api-1.7.30.jar;C:\Users\z003yjtk\.m2\repository\org\apache\camel\camel-spring-xml\3.10.0\camel-spring-xml-3.10.0.jar;C:\Users\z003yjtk\.m2\repository\org\apache\camel\camel-spring\3.10.0\camel-spring-3.10.0.jar;C:\Users\z003yjtk\.m2\repository\org\springframework\spring-core\5.3.6\spring-core-5.3.6.jar;C:\Users\z003yjtk\.m2\repository\org\springframework\spring-jcl\5.3.6\spring-jcl-5.3.6.jar;C:\Users\z003yjtk\.m2\repository\org\springframework\spring-aop\5.3.6\spring-aop-5.3.6.jar;C:\Users\z003yjtk\.m2\repository\org\springframework\spring-context\5.3.6\spring-context-5.3.6.jar;C:\Users\z003yjtk\.m2\repository\org\springframework\spring-beans\5.3.6\spring-beans-5.3.6.jar;C:\Users\z003yjtk\.m2\repository\org\springframework\spring-expression\5.3.6\spring-expression-5.3.6.jar;C:\Users\z003yjtk\.m2\repository\org\springframework\spring-tx\5.3.6\spring-tx-5.3.6.jar;C:\Users\z003yjtk\.m2\repository\org\apache\camel\camel-core-xml\3.10.0\camel-core-xml-3.10.0.jar;C:\Users\z003yjtk\.m2\repository\org\apache\camel\camel-spring-main\3.10.0\camel-spring-main-3.10.0.jar;C:\Users\z003yjtk\.m2\repository\org\apache\camel\camel-main\3.10.0\camel-main-3.10.0.jar;C:\Users\z003yjtk\.m2\repository\org\apache\camel\camel-base\3.10.0\camel-base-3.10.0.jar;C:\Users\z003yjtk\.m2\repository\org\junit\jupiter\junit-jupiter-api\5.4.2\junit-jupiter-api-5.4.2.jar;C:\Users\z003yjtk\.m2\repository\org\apiguardian\apiguardian-api\1.0.0\apiguardian-api-1.0.0.jar;C:\Users\z003yjtk\.m2\repository\org\opentest4j\opentest4j\1.1.1\opentest4j-1.1.1.jar;C:\Users\z003yjtk\.m2\repository\org\junit\platform\junit-platform-commons\1.4.2\junit-platform-commons-1.4.2.jar;C:\Users\z003yjtk\.m2\repository\org\junit\jupiter\junit-jupiter-engine\5.4.2\junit-jupiter-engine-5.4.2.jar;C:\Users\z003yjtk\.m2\repository\org\junit\platform\junit-platform-engine\1.4.2\junit-platform-engine-1.4.2.jar;C:\Users\z003yjtk\.m2\repository\org\apache\logging\log4j\log4j-slf4j-impl\2.13.3\log4j-slf4j-impl-2.13.3.jar;C:\Users\z003yjtk\.m2\repository\org\apache\logging\log4j\log4j-api\2.13.3\log4j-api-2.13.3.jar;C:\Users\z003yjtk\.m2\repository\org\apache\logging\log4j\log4j-core\2.13.3\log4j-core-2.13.3.jar;C:\Users\z003yjtk\.m2\repository\org\apache\camel\camel-test-spring\3.10.0\camel-test-spring-3.10.0.jar;C:\Users\z003yjtk\.m2\repository\org\apache\camel\camel-test\3.10.0\camel-test-3.10.0.jar;C:\Users\z003yjtk\.m2\repository\junit\junit\4.13.1\junit-4.13.1.jar;C:\Users\z003yjtk\.m2\repository\org\hamcrest\hamcrest-core\1.3\hamcrest-core-1.3.jar;C:\Users\z003yjtk\.m2\repository\org\assertj\assertj-core\3.19.0\assertj-core-3.19.0.jar;C:\Users\z003yjtk\.m2\repository\org\springframework\spring-test\5.3.6\spring-test-5.3.6.jar;C:\Users\z003yjtk\.m2\repository\org\junit\jupiter\junit-jupiter\5.4.2\junit-jupiter-5.4.2.jar;C:\Users\z003yjtk\.m2\repository\org\junit\jupiter\junit-jupiter-params\5.4.2\junit-jupiter-params-5.4.2.jar;"/>
    <property name="sun.cpu.endian" value="little"/>
    <property name="user.home" value="C:\Users\z003yjtk"/>
    <property name="user.language" value="en"/>
    <property name="java.specification.vendor" value="Oracle Corporation"/>
    <property name="java.version.date" value="2019-04-16"/>
    <property name="java.home" value="C:\Program Files\Java\jdk-12.0.1"/>
    <property name="file.separator" value="\"/>
    <property name="basedir" value="D:\Java\lld\BeverageMachine"/>
    <property name="java.vm.compressedOopsMode" value="Zero based"/>
    <property name="line.separator" value="&#10;"/>
    <property name="java.vm.specification.vendor" value="Oracle Corporation"/>
    <property name="java.specification.name" value="Java Platform API Specification"/>
    <property name="java.awt.graphicsenv" value="sun.awt.Win32GraphicsEnvironment"/>
    <property name="idea.version2020.1.1" value="true"/>
    <property name="surefire.real.class.path" value="C:\Users\z003yjtk\AppData\Local\Temp\surefire16016231723083263446\surefirebooter4537420298994226669.jar"/>
    <property name="user.script" value=""/>
    <property name="sun.management.compiler" value="HotSpot 64-Bit Tiered Compilers"/>
    <property name="java.runtime.version" value="12.0.1+12"/>
    <property name="user.name" value="z003yjtk"/>
    <property name="path.separator" value=";"/>
    <property name="os.version" value="10.0"/>
    <property name="java.runtime.name" value="Java(TM) SE Runtime Environment"/>
    <property name="file.encoding" value="Cp1252"/>
    <property name="java.vm.name" value="Java HotSpot(TM) 64-Bit Server VM"/>
    <property name="localRepository" value="C:\Users\z003yjtk\.m2\repository"/>
    <property name="java.vendor.url.bug" value="https://bugreport.java.com/bugreport/"/>
    <property name="java.io.tmpdir" value="C:\Users\z003yjtk\AppData\Local\Temp\"/>
    <property name="java.version" value="12.0.1"/>
    <property name="user.dir" value="D:\Java\lld\BeverageMachine"/>
    <property name="os.arch" value="amd64"/>
    <property name="java.vm.specification.name" value="Java Virtual Machine Specification"/>
    <property name="sun.os.patch.level" value=""/>
    <property name="java.library.path" value="C:\Program Files\Java\jdk-12.0.1\bin;C:\WINDOWS\Sun\Java\bin;C:\WINDOWS\system32;C:\WINDOWS;C:\Program Files\Common Files\Oracle\Java\javapath;C:\Program Files (x86)\VMware\VMware Player\bin\;C:\Program Files (x86)\Common Files\Intel\Shared Libraries\redist\ia32\mpirt;C:\Program Files (x86)\Common Files\Intel\Shared Libraries\redist\ia32\compiler;C:\Program Files (x86)\Common Files\Intel\Shared Files\fortran\bin\ia32;C:\WINDOWS\system32;C:\WINDOWS;C:\WINDOWS\System32\Wbem;C:\WINDOWS\System32\WindowsPowerShell\v1.0\;C:\Program Files\Git\cmd;C:\Program Files\nodejs\;D:\apache-tomcat-8.5.6\bin;C:\WINDOWS\System32\OpenSSH\;C:\Users\z003yjtk\AppData\Local\Continuum\anaconda3\Scripts;C:\Users\z003yjtk\AppData\Local\Continuum\anaconda3\;C:\Program Files (x86)\Calibre2\;C:\Program Files\Terraform\;C:\Program Files\PuTTY\;C:\Program Files (x86)\Microsoft VS Code\bin;C:\OpenSSL-Win64\bin;C:\Program Files\dotnet\;C:\Program Files\Kubernetes\Minikube;C:\Program Files\apache-maven-3.6.3\bin;C:\Program Files\Amazon\AWSCLIV2\;C:\Program Files\7-Zip;C:\Program Files\Java\jdk-11.0.10\bin;C:\Program Files (x86)\Pulse Secure\VC142.CRT\X64\;C:\Program Files (x86)\Pulse Secure\VC142.CRT\X86\;%SystemRoot%\system32;%SystemRoot%;%SystemRoot%\System32\Wbem;%SYSTEMROOT%\System32\WindowsPowerShell\v1.0\;%SYSTEMROOT%\System32\OpenSSH\;C:\Ruby27-x64\bin;C:\Users\z003yjtk\AppData\Local\Programs\Python\Python36\Scripts\;C:\Users\z003yjtk\AppData\Local\Programs\Python\Python36\;C:\Users\z003yjtk\AppData\Local\Microsoft\WindowsApps;C:\Users\z003yjtk\AppData\Roaming\npm;D:\apache-tomcat-8.5.6\bin;;."/>
    <property name="java.vm.info" value="mixed mode, sharing"/>
    <property name="java.vendor" value="Oracle Corporation"/>
    <property name="java.vm.version" value="12.0.1+12"/>
    <property name="sun.io.unicode.encoding" value="UnicodeLittle"/>
    <property name="java.class.version" value="56.0"/>
  </properties>
  <testcase name="serveTwoBeverages" classname="org.example.TwoOutletsTest" time="0.002"/>
</testsuite>